--- Starting bitbake server pid 28021 at 2017-11-09 15:12:21.306277 ---
Started bitbake server pid 28021
DEBUG: Found bblayers.conf (/home/ezamoraa/Documents/poky/build/conf/bblayers.conf)
DEBUG: Adding layer /home/ezamoraa/Documents/poky/meta
DEBUG: Adding layer /home/ezamoraa/Documents/poky/meta-poky
DEBUG: Adding layer /home/ezamoraa/Documents/poky/meta-yocto-bsp
DEBUG: Adding layer /home/ezamoraa/Documents/poky/meta-qt5
DEBUG: Adding layer /home/ezamoraa/Documents/poky/meta-gstreamer1.0
DEBUG: CONF /home/ezamoraa/Documents/poky/meta/conf/bitbake.conf:740: including conf/abi_version.conf
DEBUG: CONF /home/ezamoraa/Documents/poky/meta/conf/bitbake.conf:741: including conf/site.conf
DEBUG: CONF file 'conf/site.conf' not found
DEBUG: CONF /home/ezamoraa/Documents/poky/meta/conf/bitbake.conf:742: including conf/auto.conf
DEBUG: CONF file 'conf/auto.conf' not found
DEBUG: CONF /home/ezamoraa/Documents/poky/meta/conf/bitbake.conf:743: including conf/local.conf
DEBUG: CONF /home/ezamoraa/Documents/poky/meta/conf/bitbake.conf:744: including conf/multiconfig/default.conf
DEBUG: CONF /home/ezamoraa/Documents/poky/meta/conf/bitbake.conf:745: including conf/machine/qemuarm.conf
DEBUG: CONF /home/ezamoraa/Documents/poky/meta/conf/machine/qemuarm.conf:5: including conf/machine/include/qemu.inc
DEBUG: CONF /home/ezamoraa/Documents/poky/meta/conf/machine/qemuarm.conf:6: including conf/machine/include/tune-arm926ejs.inc
DEBUG: CONF /home/ezamoraa/Documents/poky/meta/conf/machine/include/tune-arm926ejs.inc:3: including conf/machine/include/arm/arch-armv5-dsp.inc
DEBUG: CONF /home/ezamoraa/Documents/poky/meta/conf/machine/include/arm/arch-armv5-dsp.inc:4: including conf/machine/include/arm/arch-armv5.inc
DEBUG: CONF /home/ezamoraa/Documents/poky/meta/conf/machine/include/arm/arch-armv5.inc:8: including conf/machine/include/arm/arch-armv4.inc
DEBUG: CONF /home/ezamoraa/Documents/poky/meta/conf/machine/include/arm/arch-armv4.inc:15: including conf/machine/include/arm/arch-arm.inc
DEBUG: CONF /home/ezamoraa/Documents/poky/meta/conf/machine/include/arm/arch-armv4.inc:16: including conf/machine/include/arm/feature-arm-thumb.inc
DEBUG: CONF /home/ezamoraa/Documents/poky/meta/conf/machine/include/arm/arch-armv5.inc:9: including conf/machine/include/arm/feature-arm-vfp.inc
DEBUG: CONF /home/ezamoraa/Documents/poky/meta/conf/bitbake.conf:746: including conf/machine-sdk/x86_64.conf
DEBUG: CONF /home/ezamoraa/Documents/poky/meta/conf/bitbake.conf:747: including conf/distro/poky.conf
DEBUG: CONF /home/ezamoraa/Documents/poky/meta-poky/conf/distro/poky.conf:100: including conf/distro/include/poky-world-exclude.inc
DEBUG: CONF /home/ezamoraa/Documents/poky/meta-poky/conf/distro/poky.conf:101: including conf/distro/include/no-static-libs.inc
DEBUG: CONF /home/ezamoraa/Documents/poky/meta-poky/conf/distro/poky.conf:102: including conf/distro/include/yocto-uninative.inc
DEBUG: CONF /home/ezamoraa/Documents/poky/meta/conf/bitbake.conf:748: including conf/distro/defaultsetup.conf
DEBUG: CONF /home/ezamoraa/Documents/poky/meta/conf/distro/defaultsetup.conf:1: including conf/distro/include/default-providers.inc
DEBUG: CONF /home/ezamoraa/Documents/poky/meta/conf/distro/defaultsetup.conf:2: including conf/distro/include/default-versions.inc
DEBUG: CONF /home/ezamoraa/Documents/poky/meta/conf/distro/defaultsetup.conf:3: including conf/distro/include/default-distrovars.inc
DEBUG: CONF /home/ezamoraa/Documents/poky/meta/conf/distro/defaultsetup.conf:4: including conf/distro/include/world-broken.inc
DEBUG: CONF /home/ezamoraa/Documents/poky/meta/conf/distro/defaultsetup.conf:7: including conf/distro/include/tcmode-default.inc
DEBUG: CONF /home/ezamoraa/Documents/poky/meta/conf/distro/include/tcmode-default.inc:71: including conf/distro/include/as-needed.inc
DEBUG: CONF /home/ezamoraa/Documents/poky/meta/conf/distro/defaultsetup.conf:10: including conf/distro/include/tclibc-glibc.inc
DEBUG: CONF /home/ezamoraa/Documents/poky/meta/conf/distro/defaultsetup.conf:12: including conf/distro/include/uninative-flags.inc
DEBUG: CONF /home/ezamoraa/Documents/poky/meta/conf/bitbake.conf:749: including conf/documentation.conf
Entering server connection loop
DEBUG: CONF /home/ezamoraa/Documents/poky/meta/conf/bitbake.conf:750: including conf/licenses.conf
DEBUG: CONF /home/ezamoraa/Documents/poky/meta/conf/bitbake.conf:751: including conf/sanity.conf
DEBUG: Inheriting /home/ezamoraa/Documents/poky/meta/classes/base.bbclass (from configuration INHERITs:0)
DEBUG: Inheriting /home/ezamoraa/Documents/poky/meta/classes/patch.bbclass (from /home/ezamoraa/Documents/poky/meta/classes/base.bbclass:4)
DEBUG: Inheriting /home/ezamoraa/Documents/poky/meta/classes/terminal.bbclass (from /home/ezamoraa/Documents/poky/meta/classes/patch.bbclass:11)
DEBUG: Inheriting /home/ezamoraa/Documents/poky/meta/classes/staging.bbclass (from /home/ezamoraa/Documents/poky/meta/classes/base.bbclass:5)
DEBUG: Inheriting /home/ezamoraa/Documents/poky/meta/classes/mirrors.bbclass (from /home/ezamoraa/Documents/poky/meta/classes/base.bbclass:7)
DEBUG: Inheriting /home/ezamoraa/Documents/poky/meta/classes/utils.bbclass (from /home/ezamoraa/Documents/poky/meta/classes/base.bbclass:8)
DEBUG: Inheriting /home/ezamoraa/Documents/poky/meta/classes/utility-tasks.bbclass (from /home/ezamoraa/Documents/poky/meta/classes/base.bbclass:9)
DEBUG: Inheriting /home/ezamoraa/Documents/poky/meta/classes/metadata_scm.bbclass (from /home/ezamoraa/Documents/poky/meta/classes/base.bbclass:10)
DEBUG: Inheriting /home/ezamoraa/Documents/poky/meta/classes/logging.bbclass (from /home/ezamoraa/Documents/poky/meta/classes/base.bbclass:11)
DEBUG: Inheriting /home/ezamoraa/Documents/poky/meta-poky/classes/poky-sanity.bbclass (from configuration INHERITs:0)
DEBUG: Inheriting /home/ezamoraa/Documents/poky/meta/classes/uninative.bbclass (from configuration INHERITs:0)
DEBUG: Inheriting /home/ezamoraa/Documents/poky/meta/classes/package_deb.bbclass (from configuration INHERITs:0)
DEBUG: Inheriting /home/ezamoraa/Documents/poky/meta/classes/package.bbclass (from /home/ezamoraa/Documents/poky/meta/classes/package_deb.bbclass:5)
DEBUG: Inheriting /home/ezamoraa/Documents/poky/meta/classes/packagedata.bbclass (from /home/ezamoraa/Documents/poky/meta/classes/package.bbclass:41)
DEBUG: Inheriting /home/ezamoraa/Documents/poky/meta/classes/chrpath.bbclass (from /home/ezamoraa/Documents/poky/meta/classes/package.bbclass:42)
DEBUG: Inheriting /home/ezamoraa/Documents/poky/meta/classes/insane.bbclass (from /home/ezamoraa/Documents/poky/meta/classes/package.bbclass:45)
DEBUG: Inheriting /home/ezamoraa/Documents/poky/meta/classes/buildstats.bbclass (from configuration INHERITs:0)
DEBUG: Inheriting /home/ezamoraa/Documents/poky/meta/classes/image-mklibs.bbclass (from configuration INHERITs:0)
DEBUG: Inheriting /home/ezamoraa/Documents/poky/meta/classes/linuxloader.bbclass (from /home/ezamoraa/Documents/poky/meta/classes/image-mklibs.bbclass:5)
DEBUG: Inheriting /home/ezamoraa/Documents/poky/meta/classes/image-prelink.bbclass (from configuration INHERITs:0)
DEBUG: Inheriting /home/ezamoraa/Documents/poky/meta/classes/debian.bbclass (from configuration INHERITs:0)
DEBUG: Inheriting /home/ezamoraa/Documents/poky/meta/classes/devshell.bbclass (from configuration INHERITs:0)
DEBUG: Inheriting /home/ezamoraa/Documents/poky/meta/classes/sstate.bbclass (from configuration INHERITs:0)
DEBUG: Inheriting /home/ezamoraa/Documents/poky/meta/classes/license.bbclass (from configuration INHERITs:0)
DEBUG: Inheriting /home/ezamoraa/Documents/poky/meta/classes/remove-libtool.bbclass (from configuration INHERITs:0)
DEBUG: Inheriting /home/ezamoraa/Documents/poky/meta/classes/blacklist.bbclass (from configuration INHERITs:0)
DEBUG: Inheriting /home/ezamoraa/Documents/poky/meta/classes/sanity.bbclass (from configuration INHERITs:0)
DEBUG: Clearing SRCREV cache due to cache policy of: clear
DEBUG: Using cache in '/home/ezamoraa/Documents/poky/build/cache/local_file_checksum_cache.dat'
DEBUG: Using cache in '/home/ezamoraa/Documents/poky/build/cache/bb_codeparser.dat'
Accepting [<socket.socket fd=8, family=AddressFamily.AF_UNIX, type=SocketKind.SOCK_STREAM, proto=0, laddr=bitbake.sock>]
Connecting Client
Running command ['setFeatures', [2]]
Running command ['updateConfig', {'dry_run': False, 'force': False, 'debug': 0, 'invalidate_stamp': None, 'postfile': [], 'prefile': [], 'dump_signatures': [], 'profile': False, 'verbose': False, 'abort': True, 'extra_assume_provided': [], 'debug_domains': [], 'server_timeout': None}, {'PATH': '/home/ezamoraa/Documents/poky/scripts:/home/ezamoraa/Documents/poky/bitbake/bin:/usr/local/bin:/opt/ros/indigo/bin:/usr/local/bin:/usr/local/sbin:/usr/local/bin:/usr/sbin:/usr/bin:/sbin:/bin:/usr/games:/usr/local/games', 'XDG_GREETER_DATA_DIR': '/var/lib/lightdm-data/ezamoraa', 'LANG': 'en_US.UTF-8', 'DEFAULTS_PATH': '/usr/share/gconf/ubuntu.default.path', 'TURTLEBOT_STDR_MAP_FILE': '/opt/ros/indigo/share/turtlebot_stdr/maps/sparse_obstacles.yaml', 'LINES': '56', 'TURTLEBOT_STACKS': 'hexagons', 'TURTLEBOT_RAPP_PACKAGE_BLACKLIST': '[]', 'SESSION': 'ubuntu', 'LC_PAPER': 'es_CR.UTF-8', 'DESKTOP_SESSION': 'ubuntu', 'INSTANCE': '', 'QT_QPA_PLATFORMTHEME': 'appmenu-qt5', 'TEXTDOMAIN': 'im-config', 'ROS_ETC_DIR': '/opt/ros/indigo/etc/ros', 'ROS_MASTER_URI': 'http://localhost:11311', 'XMODIFIERS': '@im=ibus', 'TERMINFO': '/usr/local/share/emacs/25.3/etc/', 'GDMSESSION': 'ubuntu', 'QT4_IM_MODULE': 'xim', 'LC_TELEPHONE': 'es_CR.UTF-8', 'XDG_SESSION_PATH': '/org/freedesktop/DisplayManager/Session0', 'LESSCLOSE': '/usr/bin/lesspipe %s %s', 'LD_LIBRARY_PATH': '/opt/ros/indigo/lib', 'ROSLISP_PACKAGE_DIRECTORIES': '', 'OLDPWDBAK': '', 'XDG_SESSION_ID': 'c2', 'TURTLEBOT_GAZEBO_WORLD_FILE': '/opt/ros/indigo/share/turtlebot_gazebo/worlds/playground.world', 'LC_ADDRESS': 'es_CR.UTF-8', 'LOGNAME': 'ezamoraa', 'TURTLEBOT_NAME': 'turtlebot', 'XDG_SEAT_PATH': '/org/freedesktop/DisplayManager/Seat0', 'XDG_DATA_DIRS': '/usr/share/ubuntu:/usr/share/gnome:/usr/local/share/:/usr/share/', 'LC_NUMERIC': 'es_CR.UTF-8', 'LC_NAME': 'es_CR.UTF-8', 'GNOME_KEYRING_CONTROL': '/run/user/1000/keyring-z4ymSU', 'XAUTHORITY': '/home/ezamoraa/.Xauthority', 'SHLVL': '1', 'PKG_CONFIG_PATH': '/opt/ros/indigo/lib/pkgconfig', 'CPATH': '/opt/ros/indigo/include', 'PYTHONPATH': '/opt/ros/indigo/lib/python2.7/dist-packages', 'SELINUX_INIT': 'YES', 'JOB': 'dbus', '_': '/home/ezamoraa/Documents/poky/bitbake/bin/bitbake', 'TURTLEBOT_RAPP_PACKAGE_WHITELIST': '[rocon_apps, turtlebot_rapps]', 'EMACS': '25.3.1 (term:0.96)', 'LC_MEASUREMENT': 'es_CR.UTF-8', 'LS_COLORS': 'rs=0:di=01;34:ln=01;36:mh=00:pi=40;33:so=01;35:do=01;35:bd=40;33;01:cd=40;33;01:or=40;31;01:su=37;41:sg=30;43:ca=30;41:tw=30;42:ow=34;42:st=37;44:ex=01;32:*.tar=01;31:*.tgz=01;31:*.arj=01;31:*.taz=01;31:*.lzh=01;31:*.lzma=01;31:*.tlz=01;31:*.txz=01;31:*.zip=01;31:*.z=01;31:*.Z=01;31:*.dz=01;31:*.gz=01;31:*.lz=01;31:*.xz=01;31:*.bz2=01;31:*.bz=01;31:*.tbz=01;31:*.tbz2=01;31:*.tz=01;31:*.deb=01;31:*.rpm=01;31:*.jar=01;31:*.war=01;31:*.ear=01;31:*.sar=01;31:*.rar=01;31:*.ace=01;31:*.zoo=01;31:*.cpio=01;31:*.7z=01;31:*.rz=01;31:*.jpg=01;35:*.jpeg=01;35:*.gif=01;35:*.bmp=01;35:*.pbm=01;35:*.pgm=01;35:*.ppm=01;35:*.tga=01;35:*.xbm=01;35:*.xpm=01;35:*.tif=01;35:*.tiff=01;35:*.png=01;35:*.svg=01;35:*.svgz=01;35:*.mng=01;35:*.pcx=01;35:*.mov=01;35:*.mpg=01;35:*.mpeg=01;35:*.m2v=01;35:*.mkv=01;35:*.webm=01;35:*.ogm=01;35:*.mp4=01;35:*.m4v=01;35:*.mp4v=01;35:*.vob=01;35:*.qt=01;35:*.nuv=01;35:*.wmv=01;35:*.asf=01;35:*.rm=01;35:*.rmvb=01;35:*.flc=01;35:*.avi=01;35:*.fli=01;35:*.flv=01;35:*.gl=01;35:*.dl=01;35:*.xcf=01;35:*.xwd=01;35:*.yuv=01;35:*.cgm=01;35:*.emf=01;35:*.axv=01;35:*.anx=01;35:*.ogv=01;35:*.ogx=01;35:*.aac=00;36:*.au=00;36:*.flac=00;36:*.mid=00;36:*.midi=00;36:*.mka=00;36:*.mp3=00;36:*.mpc=00;36:*.ogg=00;36:*.ra=00;36:*.wav=00;36:*.axa=00;36:*.oga=00;36:*.spx=00;36:*.xspf=00;36:', 'ROS_ROOT': '/opt/ros/indigo/share/ros', 'BUILDDIR': '/home/ezamoraa/Documents/poky/build', 'COMPIZ_CONFIG_PROFILE': 'ubuntu', 'LC_MONETARY': 'es_CR.UTF-8', 'PWD': '/home/ezamoraa/Documents/poky/build/conf', 'HOME': '/home/ezamoraa', 'TERM': 'eterm-color', 'LC_IDENTIFICATION': 'es_CR.UTF-8', 'LC_ALL': 'en_US.UTF-8', 'GNOME_KEYRING_PID': '2228', 'GTK_IM_MODULE': 'ibus', 'TURTLEBOT_STAGE_WORLD_FILE': '/opt/ros/indigo/share/turtlebot_stage/maps/stage/maze.world', 'DBUS_SESSION_BUS_ADDRESS': 'unix:abstract=/tmp/dbus-CBYkTjLwvl', 'TURTLEBOT_BATTERY': '/sys/class/power_supply/BAT0', 'SHELL': '/bin/bash', 'GPG_AGENT_INFO': '/run/user/1000/keyring-z4ymSU/gpg:0:1', 'TURTLEBOT_GAZEBO_MAP_FILE': '/opt/ros/indigo/share/turtlebot_gazebo/maps/playground.yaml', 'TURTLEBOT_3D_SENSOR': 'asus_xtion_pro', 'XDG_VTNR': '7', 'TURTLEBOT_STAGE_MAP_FILE': '/opt/ros/indigo/share/turtlebot_stage/maps/maze.yaml', 'GTK_MODULES': 'overlay-scrollbar:unity-gtk-module', 'SESSION_MANAGER': 'local/Tomahawk:@/tmp/.ICE-unix/2427,unix/Tomahawk:/tmp/.ICE-unix/2427', 'MANDATORY_PATH': '/usr/share/gconf/ubuntu.mandatory.path', 'ROS_DISTRO': 'indigo', 'USER': 'ezamoraa', 'BB_ENV_EXTRAWHITE': 'ALL_PROXY BBPATH_EXTRA BB_NO_NETWORK BB_NUMBER_THREADS BB_SETSCENE_ENFORCE BB_SRCREV_POLICY DISTRO FTPS_PROXY FTP_PROXY GIT_PROXY_COMMAND HTTPS_PROXY HTTP_PROXY MACHINE NO_PROXY PARALLEL_MAKE SCREENDIR SDKMACHINE SOCKS5_PASSWD SOCKS5_USER SSH_AGENT_PID SSH_AUTH_SOCK STAMPS_DIR TCLIBC TCMODE all_proxy ftp_proxy ftps_proxy http_proxy https_proxy no_proxy ', 'UPSTART_SESSION': 'unix:abstract=/com/ubuntu/upstart-session/1000/2230', 'TURTLEBOT_INTERACTIONS_LIST': '[turtlebot_bringup/admin.interactions, turtlebot_bringup/documentation.interactions, turtlebot_bringup/pairing.interactions, turtlebot_bringup/visualisation.interactions]', 'SESSIONTYPE': 'gnome-session', 'TURTLEBOT_MAP_FILE': '/opt/ros/indigo/share/turtlebot_navigation/maps/willow-2010-02-18-0.10.yaml', 'XDG_CONFIG_DIRS': '/etc/xdg/xdg-ubuntu:/usr/share/upstart/xdg:/etc/xdg', 'TURTLEBOT_SIMULATION': 'false', 'COMPIZ_BIN_PATH': '/usr/bin/', 'TURTLEBOT_TYPE': 'turtlebot', 'INSIDE_EMACS': '25.3.1,term:0.96', 'XDG_MENU_PREFIX': 'gnome-', 'QT_IM_MODULE': 'ibus', 'TURTLEBOT_SERIAL_PORT': '/dev/kobuki', 'GIO_LAUNCHED_DESKTOP_FILE_PID': '2865', 'SSH_AUTH_SOCK': '/run/user/1000/keyring-z4ymSU/ssh', 'ROS_WORKSPACE': '/home/ezamoraa/indigo_workspace', 'IM_CONFIG_PHASE': '1', 'LANGUAGE': 'en_US', 'GNOME_DESKTOP_SESSION_ID': 'this-is-deprecated', 'XDG_SEAT': 'seat0', 'GIO_LAUNCHED_DESKTOP_FILE': '/usr/local/share/applications/emacs.desktop', 'TERMCAP': 'eterm-color:li#56:co#101:cl=\\E[H\\E[J:cd=\\E[J:bs:am:xn:cm=\\E[%i%d;%dH:nd=\\E[C:up=\\E[A:ce=\\E[K:ho=\\E[H:pt:al=\\E[L:dl=\\E[M:DL=\\E[%dM:AL=\\E[%dL:cs=\\E[%i%d;%dr:sf=^J:dc=\\E[P:DC=\\E[%dP:IC=\\E[%d@:im=\\E[4h:ei=\\E[4l:mi::so=\\E[7m:se=\\E[m:us=\\E[4m:ue=\\E[m:md=\\E[1m:mr=\\E[7m:me=\\E[m:UP=\\E[%dA:DO=\\E[%dB:LE=\\E[%dD:RI=\\E[%dC:kl=\\EOD:kd=\\EOB:kr=\\EOC:ku=\\EOA:kN=\\E[6~:kP=\\E[5~:@7=\\E[4~:kh=\\E[1~:mk=\\E[8m:cb=\\E[1K:op=\\E[39;49m:Co#8:pa#64:AB=\\E[4%dm:AF=\\E[3%dm:cr=^M:bl=^G:do=^J:le=^H:ta=^I:se=\\E[27m:ue=\\E[24m:kb=^?:kD=^[[3~:sc=\\E7:rc=\\E8:r1=\\Ec:', 'DISPLAY': ':0', 'COLUMNS': '101', 'CMAKE_PREFIX_PATH': '/opt/ros/indigo', 'XDG_CURRENT_DESKTOP': 'Unity', 'LC_TIME': 'es_CR.UTF-8', 'TEXTDOMAINDIR': '/usr/share/locale/', 'XDG_RUNTIME_DIR': '/run/user/1000', 'GDM_LANG': 'en_US', 'ROS_PACKAGE_PATH': '/home/ezamoraa/indigo_workspace/sandbox:/opt/ros/indigo/share:/opt/ros/indigo/stacks', 'LESSOPEN': '| /usr/bin/lesspipe %s', 'OLDPWD': '/home/ezamoraa/Documents/poky/build', 'CLUTTER_IM_MODULE': 'xim', 'TURTLEBOT_BASE': 'kobuki'}, ['/home/ezamoraa/Documents/poky/bitbake/bin/bitbake', 'core-image-minimal']]
Running command ['getVariable', 'BBINCLUDELOGS']
Running command ['getVariable', 'BBINCLUDELOGS_LINES']
Running command ['getSetVariable', 'BB_CONSOLELOG']
Running command ['getUIHandlerNum']
Running command ['setEventMask', 1, 20, {}, ['bb.runqueue.runQueueExitWait', 'bb.event.LogExecTTY', 'logging.LogRecord', 'bb.build.TaskFailed', 'bb.build.TaskBase', 'bb.event.ParseStarted', 'bb.event.ParseProgress', 'bb.event.ParseCompleted', 'bb.event.CacheLoadStarted', 'bb.event.CacheLoadProgress', 'bb.event.CacheLoadCompleted', 'bb.command.CommandFailed', 'bb.command.CommandExit', 'bb.command.CommandCompleted', 'bb.cooker.CookerExit', 'bb.event.MultipleProviders', 'bb.event.NoProvider', 'bb.runqueue.sceneQueueTaskStarted', 'bb.runqueue.runQueueTaskStarted', 'bb.runqueue.runQueueTaskFailed', 'bb.runqueue.sceneQueueTaskFailed', 'bb.event.BuildBase', 'bb.build.TaskStarted', 'bb.build.TaskSucceeded', 'bb.build.TaskFailedSilent', 'bb.build.TaskProgress', 'bb.event.ProcessStarted', 'bb.event.ProcessProgress', 'bb.event.ProcessFinished']]
Running command ['getVariable', 'BB_DEFAULT_TASK']
Running command ['setConfig', 'cmd', 'build']
Running command ['buildTargets', ['core-image-minimal'], 'build']
Connecting Client
Disconnecting Client
No timeout, exiting.
Exiting
